<?xml version="1.0" encoding="UTF-8"?>
<!-- Generated by org.testng.reporters.JUnitReportReporter -->
<testsuite hostname="DESKTOP-70F4JCP" failures="0" tests="1" name="Academy.validateNavigationBar" time="64.643" errors="0" timestamp="2022-07-23T11:48:42 EDT" skipped="0">
  <testcase classname="Academy.validateNavigationBar" name="validateAppNavBar" time="64.643"/>
  <system-out/>
</testsuite> <!-- Academy.validateNavigationBar -->
