<?xml version="1.0" encoding="UTF-8"?>
<!-- Generated by org.testng.reporters.JUnitReportReporter -->
<testsuite hostname="DESKTOP-70F4JCP" failures="0" tests="2" name="Academy.HomePage" time="86.464" errors="0" timestamp="2022-07-23T11:48:42 EDT" skipped="0">
  <testcase classname="Academy.HomePage" name="basePageNavigation" time="41.993"/>
  <system-out/>
  <testcase classname="Academy.HomePage" name="basePageNavigation" time="44.471"/>
  <system-out/>
</testsuite> <!-- Academy.HomePage -->
